Inference_Andriod_App/gradleBuild/outputs/logs/manifest-merger-debug-report.txt
-- Merging decision tree log ---
manifest
ADDED from sushi97/android-yolo-v2/AndroidManifest.xml:3:1-31:12
MERGED from [org.tensorflow:tensorflow-android:1.7.0] AndroidManifest.xml:2:1-8:12
	package
		ADDED from sushi97/android-yolo-v2/AndroidManifest.xml:4:5-34
	xmlns:android
		ADDED from sushi97/android-yolo-v2/AndroidManifest.xml:3:11-69
uses-permission#android.permission.CAMERA
ADDED from sushi97/android-yolo-v2/AndroidManifest.xml:6:5-65
	android:name
		ADDED from sushi97/android-yolo-v2/AndroidManifest.xml:6:22-62
uses-feature#android.hardware.camera
ADDED from sushi97/android-yolo-v2/AndroidManifest.xml:7:5-60
	android:name
		ADDED from sushi97/android-yolo-v2/AndroidManifest.xml:7:19-57
uses-feature#android.hardware.camera.autofocus
ADDED from sushi97/android-yolo-v2/AndroidManifest.xml:8:5-70
	android:name
		ADDED from sushi97/android-yolo-v2/AndroidManifest.xml:8:19-67
uses-permission#android.permission.WRITE_EXTERNAL_STORAGE
ADDED from sushi97/android-yolo-v2/AndroidManifest.xml:9:5-80
	android:name
		ADDED from sushi97/android-yolo-v2/AndroidManifest.xml:9:22-78
uses-sdk
ADDED from sushi97/android-yolo-v2/AndroidManifest.xml:11:5-13:41
	android:targetSdkVersion
		ADDED from sushi97/android-yolo-v2/AndroidManifest.xml:13:9-38
	android:minSdkVersion
		ADDED from sushi97/android-yolo-v2/AndroidManifest.xml:12:9-35
application
ADDED from sushi97/android-yolo-v2/AndroidManifest.xml:15:5-29:19
MERGED from [org.tensorflow:tensorflow-android:1.7.0] AndroidManifest.xml:5:5-6:19
MERGED from [org.tensorflow:tensorflow-android:1.7.0] AndroidManifest.xml:5:5-6:19
	android:label
		ADDED from sushi97/android-yolo-v2/AndroidManifest.xml:17:9-41
	android:debuggable
		ADDED from sushi97/android-yolo-v2/AndroidManifest.xml:16:9-34
	android:icon
		ADDED from sushi97/android-yolo-v2/AndroidManifest.xml:18:9-45
	android:allowBackup
		ADDED from sushi97/android-yolo-v2/AndroidManifest.xml:15:18-44
	android:theme
		ADDED from sushi97/android-yolo-v2/AndroidManifest.xml:19:9-45
activity#org.tensorflow.yolo.view.ClassifierActivity
ADDED from sushi97/android-yolo-v2/AndroidManifest.xml:21:9-28:20
	android:screenOrientation
		ADDED from sushi97/android-yolo-v2/AndroidManifest.xml:22:19-55
	android:label
		ADDED from sushi97/android-yolo-v2/AndroidManifest.xml:23:19-71
	android:name
		ADDED from sushi97/android-yolo-v2/AndroidManifest.xml:21:19-77
intent-filter#action:name:android.intent.action.MAIN+category:name:android.intent.category.LAUNCHER
ADDED from sushi97/android-yolo-v2/AndroidManifest.xml:24:13-27:29
action#android.intent.action.MAIN
ADDED from sushi97/android-yolo-v2/AndroidManifest.xml:25:17-69
	android:name
		ADDED from sushi97/android-yolo-v2/AndroidManifest.xml:25:25-66
category#android.intent.category.LAUNCHER
ADDED from sushi97/android-yolo-v2/AndroidManifest.xml:26:17-77
	android:name
		ADDED from sushi97/android-yolo-v2/AndroidManifest.xml:26:27-74
uses-permission#android.permission.READ_PHONE_STATE
IMPLIED from sushi97/android-yolo-v2/AndroidManifest.xml:3:1-31:12 reason: tensorflow.contrib.android has a targetSdkVersion < 4
uses-permission#android.permission.READ_EXTERNAL_STORAGE
IMPLIED from sushi97/android-yolo-v2/AndroidManifest.xml:3:1-31:12 reason: tensorflow.contrib.android requested WRITE_EXTERNAL_STORAGE